#
# There is insufficient memory for the Java Runtime Environment to continue.
# Native memory allocation (mmap) failed to map 134217728 bytes. Error detail: G1 virtual space
# Possible reasons:
#   The system is out of physical RAM or swap space
#   This process is running with CompressedOops enabled, and the Java Heap may be blocking the growth of the native heap
# Possible solutions:
#   Reduce memory load on the system
#   Increase physical memory or swap space
#   Check if swap backing store is full
#   Decrease Java heap size (-Xmx/-Xms)
#   Decrease number of Java threads
#   Decrease Java thread stack sizes (-Xss)
#   Set larger code cache with -XX:ReservedCodeCacheSize=
#   JVM is running with Unscaled Compressed Oops mode in which the Java heap is
#     placed in the first 4GB address space. The Java Heap base address is the
#     maximum limit for the native heap growth. Please use -XX:HeapBaseMinAddress
#     to set the Java Heap base and to place the Java Heap above 4GB virtual address.
# This output file may be truncated or incomplete.
#
#  Out of Memory Error (os_windows.cpp:3898), pid=17856, tid=8020
#
# JRE version:  (21.0.6+8) (build )
# Java VM: OpenJDK 64-Bit Server VM (21.0.6+8-b631.39, mixed mode, sharing, tiered, compressed oops, compressed class ptrs, g1 gc, windows-amd64)
# No core dump will be written. Minidumps are not enabled by default on client versions of Windows
#

---------------  S U M M A R Y ------------

Command Line: git4idea.http.GitAskPassApp Username for 'https://github.com': 

Host: Intel(R) Core(TM) i5-6300U CPU @ 2.40GHz, 4 cores, 7G,  Windows 10 , 64 bit Build 19041 (10.0.19041.5915)
Time: Sat Aug  9 12:44:33 2025 Iran Standard Time elapsed time: 0.014769 seconds (0d 0h 0m 0s)

---------------  T H R E A D  ---------------

Current thread (0x000001fa052408f0):  JavaThread "Unknown thread" [_thread_in_vm, id=8020, stack(0x000000afc3300000,0x000000afc3400000) (1024K)]

Stack: [0x000000afc3300000,0x000000afc3400000]
Native frames: (J=compiled Java code, j=interpreted, Vv=VM code, C=native code)
V  [jvm.dll+0x6e5d39]
V  [jvm.dll+0x8c4133]
V  [jvm.dll+0x8c668e]
V  [jvm.dll+0x8c6d73]
V  [jvm.dll+0x288f76]
V  [jvm.dll+0x6e25f5]
V  [jvm.dll+0x6d60aa]
V  [jvm.dll+0x3635bb]
V  [jvm.dll+0x36b186]
V  [jvm.dll+0x3bd4b6]
V  [jvm.dll+0x3bd788]
V  [jvm.dll+0x335d2c]
V  [jvm.dll+0x336a1b]
V  [jvm.dll+0x88b589]
V  [jvm.dll+0x3ca688]
V  [jvm.dll+0x874698]
V  [jvm.dll+0x45f04e]
V  [jvm.dll+0x460d31]
C  [jli.dll+0x52ab]
C  [ucrtbase.dll+0x21bb2]
C  [KERNEL32.DLL+0x17374]
C  [ntdll.dll+0x4cc91]


---------------  P R O C E S S  ---------------

Threads class SMR info:
_java_thread_list=0x00007ffbe83ba148, length=0, elements={
}

Java Threads: ( => current thread )
Total: 0

Other Threads:
  0x000001fa07613310 WorkerThread "GC Thread#0"                     [id=9768, stack(0x000000afc3400000,0x000000afc3500000) (1024K)]
  0x000001fa07624120 ConcurrentGCThread "G1 Main Marker"            [id=14112, stack(0x000000afc3500000,0x000000afc3600000) (1024K)]
  0x000001fa076253c0 WorkerThread "G1 Conc#0"                       [id=2148, stack(0x000000afc3600000,0x000000afc3700000) (1024K)]

[error occurred during error reporting (printing all threads), id 0xc0000005, EXCEPTION_ACCESS_VIOLATION (0xc0000005) at pc=0x00007ffbe7aa8de7]
VM state: not at safepoint (not fully initialized)

VM Mutex/Monitor currently owned by a thread:  ([mutex/lock_event])
[0x00007ffbe842eb30] Heap_lock - owner thread: 0x000001fa052408f0

Heap address: 0x0000000081c00000, size: 2020 MB, Compressed Oops mode: 32-bit

CDS archive(s) mapped at: [0x0000000000000000-0x0000000000000000-0x0000000000000000), size 0, SharedBaseAddress: 0x0000000800000000, ArchiveRelocationMode: 1.
Narrow klass base: 0x0000000000000000, Narrow klass shift: 0, Narrow klass range: 0x0

GC Precious Log:
 CardTable entry size: 512
 Card Set container configuration: InlinePtr #cards 5 size 8 Array Of Cards #cards 12 size 40 Howl #buckets 4 coarsen threshold 1843 Howl Bitmap #cards 512 size 80 coarsen threshold 460 Card regions per heap region 1 cards per card region 2048

Heap:
 garbage-first heap   total 0K, used 0K [0x0000000081c00000, 0x0000000100000000)
  region size 1024K, 0 young (0K), 0 survivors (0K)
 Metaspace       used 0K, committed 0K, reserved 0K
  class space    used 0K, committed 0K, reserved 0K

Heap Regions: E=young(eden), S=young(survivor), O=old, HS=humongous(starts), HC=humongous(continues), CS=collection set, F=free, TAMS=top-at-mark-start, PB=parsable bottom

Card table byte_map: [0x000001fa1a960000,0x000001fa1ad60000] _byte_map_base: 0x000001fa1a552000

Marking Bits: (CMBitMap*) 0x000001fa07613a10
 Bits: [0x000001fa1ad60000, 0x000001fa1ccf0000)

GC Heap History (0 events):
No events

Dll operation events (1 events):
Event: 0.007 Loaded shared library C:\Program Files\JetBrains\PyCharm Community Edition 2024.3.3\jbr\bin\java.dll

Deoptimization events (0 events):
No events

Classes loaded (0 events):
No events

Classes unloaded (0 events):
No events

Classes redefined (0 events):
No events

Internal exceptions (0 events):
No events

ZGC Phase Switch (0 events):
No events

VM Operations (0 events):
No events

Memory protections (0 events):
No events

Nmethod flushes (0 events):
No events

Events (0 events):
No events


Dynamic libraries:
0x00007ff6e0240000 - 0x00007ff6e024a000 	C:\Program Files\JetBrains\PyCharm Community Edition 2024.3.3\jbr\bin\java.exe
0x00007ffc36030000 - 0x00007ffc36228000 	C:\Windows\SYSTEM32\ntdll.dll
0x00007ffc34490000 - 0x00007ffc34552000 	C:\Windows\System32\KERNEL32.DLL
0x00007ffc33740000 - 0x00007ffc33a36000 	C:\Windows\System32\KERNELBASE.dll
0x00007ffc33d50000 - 0x00007ffc33e50000 	C:\Windows\System32\ucrtbase.dll
0x00007ffc2baa0000 - 0x00007ffc2babb000 	C:\Program Files\JetBrains\PyCharm Community Edition 2024.3.3\jbr\bin\VCRUNTIME140.dll
0x00007ffc15a00000 - 0x00007ffc15a18000 	C:\Program Files\JetBrains\PyCharm Community Edition 2024.3.3\jbr\bin\jli.dll
0x00007ffc34050000 - 0x00007ffc341ed000 	C:\Windows\System32\USER32.dll
0x00007ffc33710000 - 0x00007ffc33732000 	C:\Windows\System32\win32u.dll
0x00007ffc1f1c0000 - 0x00007ffc1f45a000 	C:\Windows\WinSxS\amd64_microsoft.windows.common-controls_6595b64144ccf1df_6.0.19041.5915_none_60b4b9d171f9c7c7\COMCTL32.dll
0x00007ffc354e0000 - 0x00007ffc3550b000 	C:\Windows\System32\GDI32.dll
0x00007ffc35510000 - 0x00007ffc355ae000 	C:\Windows\System32\msvcrt.dll
0x00007ffc33af0000 - 0x00007ffc33c09000 	C:\Windows\System32\gdi32full.dll
0x00007ffc33fb0000 - 0x00007ffc3404d000 	C:\Windows\System32\msvcp_win.dll
0x00007ffc359b0000 - 0x00007ffc359df000 	C:\Windows\System32\IMM32.DLL
0x00007ffc2cd90000 - 0x00007ffc2cd9c000 	C:\Program Files\JetBrains\PyCharm Community Edition 2024.3.3\jbr\bin\vcruntime140_1.dll
0x00007ffbfcd80000 - 0x00007ffbfce0d000 	C:\Program Files\JetBrains\PyCharm Community Edition 2024.3.3\jbr\bin\msvcp140.dll
0x00007ffbe7760000 - 0x00007ffbe8521000 	C:\Program Files\JetBrains\PyCharm Community Edition 2024.3.3\jbr\bin\server\jvm.dll
0x00007ffc34560000 - 0x00007ffc34611000 	C:\Windows\System32\ADVAPI32.dll
0x00007ffc355b0000 - 0x00007ffc3564f000 	C:\Windows\System32\sechost.dll
0x00007ffc34c30000 - 0x00007ffc34d53000 	C:\Windows\System32\RPCRT4.dll
0x00007ffc33d20000 - 0x00007ffc33d47000 	C:\Windows\System32\bcrypt.dll
0x00007ffc35b10000 - 0x00007ffc35b7b000 	C:\Windows\System32\WS2_32.dll
0x00007ffc33520000 - 0x00007ffc3356b000 	C:\Windows\SYSTEM32\POWRPROF.dll
0x00007ffc1a170000 - 0x00007ffc1a197000 	C:\Windows\SYSTEM32\WINMM.dll
0x00007ffc294d0000 - 0x00007ffc294da000 	C:\Windows\SYSTEM32\VERSION.dll
0x00007ffc33500000 - 0x00007ffc33512000 	C:\Windows\SYSTEM32\UMPDC.dll
0x00007ffc31f30000 - 0x00007ffc31f42000 	C:\Windows\SYSTEM32\kernel.appcore.dll
0x00007ffc2c0b0000 - 0x00007ffc2c0ba000 	C:\Program Files\JetBrains\PyCharm Community Edition 2024.3.3\jbr\bin\jimage.dll
0x00007ffc314f0000 - 0x00007ffc316f1000 	C:\Windows\SYSTEM32\DBGHELP.DLL
0x00007ffc200e0000 - 0x00007ffc20114000 	C:\Windows\SYSTEM32\dbgcore.DLL
0x00007ffc33c10000 - 0x00007ffc33c92000 	C:\Windows\System32\bcryptPrimitives.dll
0x00007ffc27f10000 - 0x00007ffc27f30000 	C:\Program Files\JetBrains\PyCharm Community Edition 2024.3.3\jbr\bin\java.dll

dbghelp: loaded successfully - version: 4.0.5 - missing functions: none
symbol engine: initialized successfully - sym options: 0x614 - pdb path: .;C:\Program Files\JetBrains\PyCharm Community Edition 2024.3.3\jbr\bin;C:\Windows\SYSTEM32;C:\Windows\WinSxS\amd64_microsoft.windows.common-controls_6595b64144ccf1df_6.0.19041.5915_none_60b4b9d171f9c7c7;C:\Program Files\JetBrains\PyCharm Community Edition 2024.3.3\jbr\bin\server

VM Arguments:
java_command: git4idea.http.GitAskPassApp Username for 'https://github.com': 
java_class_path (initial): C:/Program Files/JetBrains/PyCharm Community Edition 2024.3.3/plugins/vcs-git/lib/git4idea-rt.jar;C:/Program Files/JetBrains/PyCharm Community Edition 2024.3.3/lib/externalProcess-rt.jar
Launcher Type: SUN_STANDARD

[Global flags]
     intx CICompilerCount                          = 3                                         {product} {ergonomic}
     uint ConcGCThreads                            = 1                                         {product} {ergonomic}
     uint G1ConcRefinementThreads                  = 4                                         {product} {ergonomic}
   size_t G1HeapRegionSize                         = 1048576                                   {product} {ergonomic}
    uintx GCDrainStackTargetSize                   = 64                                        {product} {ergonomic}
   size_t InitialHeapSize                          = 134217728                                 {product} {ergonomic}
   size_t MarkStackSize                            = 4194304                                   {product} {ergonomic}
   size_t MaxHeapSize                              = 2118123520                                {product} {ergonomic}
   size_t MinHeapDeltaBytes                        = 1048576                                   {product} {ergonomic}
   size_t MinHeapSize                              = 8388608                                   {product} {ergonomic}
    uintx NonNMethodCodeHeapSize                   = 5832780                                {pd product} {ergonomic}
    uintx NonProfiledCodeHeapSize                  = 122912730                              {pd product} {ergonomic}
    uintx ProfiledCodeHeapSize                     = 122912730                              {pd product} {ergonomic}
    uintx ReservedCodeCacheSize                    = 251658240                              {pd product} {ergonomic}
     bool SegmentedCodeCache                       = true                                      {product} {ergonomic}
   size_t SoftMaxHeapSize                          = 2118123520                             {manageable} {ergonomic}
     bool UseCompressedOops                        = true                           {product lp64_product} {ergonomic}
     bool UseG1GC                                  = true                                      {product} {ergonomic}
     bool UseLargePagesIndividualAllocation        = false                                  {pd product} {ergonomic}

Logging:
Log output configuration:
 #0: stdout all=warning uptime,level,tags foldmultilines=false
 #1: stderr all=off uptime,level,tags foldmultilines=false

Environment Variables:
PATH=C:/Program Files/Git/mingw64/libexec/git-core;C:/Program Files/Git/mingw64/libexec/git-core;C:\Program Files\Git\mingw64\bin;C:\Program Files\Git\usr\bin;C:\Users\moham\bin;C:\Windows\system32;C:\Windows;C:\Windows\System32\Wbem;C:\Windows\System32\WindowsPowerShell\v1.0\;C:\Windows\System32\OpenSSH\;C:\Program Files\Git\cmd;C:\Program Files\dotnet\;C:\Program Files\GTK3-Runtime Win64\bin;C:\Program Files\MiKTeX\miktex\bin\x64\;c:\Program Files (x86)\Microsoft SQL Server\100\Tools\Binn\;c:\Program Files\Microsoft SQL Server\100\Tools\Binn\;c:\Program Files\Microsoft SQL Server\100\DTS\Binn\;c:\Program Files (x86)\Microsoft SQL Server\100\Tools\Binn\VSShell\Common7\IDE\;c:\Program Files (x86)\Microsoft SQL Server\100\DTS\Binn\;C:\Program Files\nodejs\;C:\Users\moham\AppData\Local\Programs\Python\Launcher\;C:\Users\moham\AppData\Local\Microsoft\WindowsApps;C:\ffmpeg-7.1.1\bin;C:\Users\moham\AppData\Roaming\npm
USERNAME=moham
DISPLAY=:0.0
LC_ALL=en_US.UTF-8
TERM=xterm-256color
TMPDIR=C:\Users\moham\AppData\Local\Temp
OS=Windows_NT
PROCESSOR_IDENTIFIER=Intel64 Family 6 Model 78 Stepping 3, GenuineIntel
TMP=C:\Users\moham\AppData\Local\Temp
TEMP=C:\Users\moham\AppData\Local\Temp




Periodic native trim disabled

JNI global refs:
JNI global refs: 0, weak refs: 0

JNI global refs memory usage: 0, weak refs: 0

Process memory usage:
Resident Set Size: 10744K (0% of 8266336K total physical memory with 589024K free physical memory)

OOME stack traces (most recent first):
Classloader memory used:

---------------  S Y S T E M  ---------------

OS:
 Windows 10 , 64 bit Build 19041 (10.0.19041.5915)
OS uptime: 7 days 3:50 hours

CPU: total 4 (initial active 4) (2 cores per cpu, 2 threads per core) family 6 model 78 stepping 3 microcode 0xf0, cx8, cmov, fxsr, ht, mmx, 3dnowpref, sse, sse2, sse3, ssse3, sse4.1, sse4.2, popcnt, lzcnt, tsc, tscinvbit, avx, avx2, aes, erms, clmul, bmi1, bmi2, rtm, adx, fma, vzeroupper, clflush, clflushopt, rdtscp, f16c
Processor Information for the first 4 processors :
  Max Mhz: 2496, Current Mhz: 2396, Mhz Limit: 2396

Memory: 4k page, system-wide physical 8072M (575M free)
TotalPageFile size 23518M (AvailPageFile size 82M)
current process WorkingSet (physical memory assigned to process): 10M, peak: 10M
current process commit charge ("private bytes"): 51M, peak: 179M

vm_info: OpenJDK 64-Bit Server VM (21.0.6+8-b631.39) for windows-amd64 JRE (21.0.6+8-b631.39), built on 2025-02-04 by "builduser" with MS VC++ 16.10 / 16.11 (VS2019)

END.
